<?xml version="1.0" encoding="UTF-8"?>
<!-- Generated by org.testng.reporters.JUnitReportReporter -->
<testsuite hostname="TYSS-Dhanush" failures="0" tests="2" name="mobilePractice.open_Application" time="0.110" errors="1" timestamp="2023-12-21T14:46:31 IST" skipped="1">
  <testcase classname="mobilePractice.open_Application" name="openbrowser" time="0.110">
    <error message="org.openqa.selenium.remote.http.ClientConfig.&lt;init&gt;(Ljava/net/URI;Ljava/time/Duration;Ljava/time/Duration;Lorg/openqa/selenium/remote/http/Filter;Ljava/net/Proxy;Lorg/openqa/selenium/Credentials;)V" type="java.lang.NoSuchMethodError">
      <![CDATA[java.lang.NoSuchMethodError: org.openqa.selenium.remote.http.ClientConfig.<init>(Ljava/net/URI;Ljava/time/Duration;Ljava/time/Duration;Lorg/openqa/selenium/remote/http/Filter;Ljava/net/Proxy;Lorg/openqa/selenium/Credentials;)V
at io.appium.java_client.AppiumClientConfig.<init>(AppiumClientConfig.java:62)
at io.appium.java_client.AppiumClientConfig.defaultConfig(AppiumClientConfig.java:79)
at io.appium.java_client.remote.AppiumCommandExecutor.<init>(AppiumCommandExecutor.java:109)
at io.appium.java_client.AppiumDriver.<init>(AppiumDriver.java:101)
at io.appium.java_client.android.AndroidDriver.<init>(AndroidDriver.java:113)
at resources.base_class.ToLaunchApplication(base_class.java:35)
at mobilePractice.open_Application.openbrowser(open_Application.java:14)
at java.base/jdk.internal.reflect.NativeMethodAccessorImpl.invoke0(Native Method)
at java.base/jdk.internal.reflect.NativeMethodAccessorImpl.invoke(NativeMethodAccessorImpl.java:62)
at java.base/jdk.internal.reflect.DelegatingMethodAccessorImpl.invoke(DelegatingMethodAccessorImpl.java:43)
at java.base/java.lang.reflect.Method.invoke(Method.java:566)
at org.testng.internal.invokers.MethodInvocationHelper.invokeMethod(MethodInvocationHelper.java:139)
at org.testng.internal.invokers.MethodInvocationHelper.invokeMethodConsideringTimeout(MethodInvocationHelper.java:69)
at org.testng.internal.invokers.ConfigInvoker.invokeConfigurationMethod(ConfigInvoker.java:361)
at org.testng.internal.invokers.ConfigInvoker.invokeConfigurations(ConfigInvoker.java:296)
at org.testng.TestRunner.invokeTestConfigurations(TestRunner.java:644)
at org.testng.TestRunner.beforeRun(TestRunner.java:633)
at org.testng.TestRunner.run(TestRunner.java:595)
at org.testng.SuiteRunner.runTest(SuiteRunner.java:437)
at org.testng.SuiteRunner.runSequentially(SuiteRunner.java:431)
at org.testng.SuiteRunner.privateRun(SuiteRunner.java:391)
at org.testng.SuiteRunner.run(SuiteRunner.java:330)
at org.testng.SuiteRunnerWorker.runSuite(SuiteRunnerWorker.java:52)
at org.testng.SuiteRunnerWorker.run(SuiteRunnerWorker.java:95)
at org.testng.TestNG.runSuitesSequentially(TestNG.java:1256)
at org.testng.TestNG.runSuitesLocally(TestNG.java:1176)
at org.testng.TestNG.runSuites(TestNG.java:1099)
at org.testng.TestNG.run(TestNG.java:1067)
at org.testng.remote.AbstractRemoteTestNG.run(AbstractRemoteTestNG.java:115)
at org.testng.remote.RemoteTestNG.initAndRun(RemoteTestNG.java:251)
at org.testng.remote.RemoteTestNG.main(RemoteTestNG.java:77)
]]>
    </error>
  </testcase> <!-- openbrowser -->
  <system-out/>
  <testcase classname="mobilePractice.open_Application" name="verify" time="0.000">
    <skipped/>
  </testcase> <!-- verify -->
  <system-out/>
</testsuite> <!-- mobilePractice.open_Application -->
